Copyright 1986-2018 Xilinx, Inc. All Rights Reserved.
------------------------------------------------------------------------------------------
| Tool Version : Vivado v.2018.2 (win64) Build 2258646 Thu Jun 14 20:03:12 MDT 2018
| Date         : Wed Aug 17 20:51:19 2022
| Host         : DESKTOP-TD125N3 running 64-bit major release  (build 9200)
| Command      : report_control_sets -verbose -file Nanoprocessor_control_sets_placed.rpt
| Design       : Nanoprocessor
| Device       : xc7a35t
------------------------------------------------------------------------------------------

Control Set Information

Table of Contents
-----------------
1. Summary
2. Histogram
3. Flip-Flop Distribution
4. Detailed Control Set Information

1. Summary
----------

+----------------------------------------------------------+-------+
|                          Status                          | Count |
+----------------------------------------------------------+-------+
| Number of unique control sets                            |    11 |
| Unused register locations in slices containing registers |    20 |
+----------------------------------------------------------+-------+


2. Histogram
------------

+--------+--------------+
| Fanout | Control Sets |
+--------+--------------+
|      2 |            1 |
|      6 |            6 |
|      8 |            3 |
|    16+ |            1 |
+--------+--------------+


3. Flip-Flop Distribution
-------------------------

+--------------+-----------------------+------------------------+-----------------+--------------+
| Clock Enable | Synchronous Set/Reset | Asynchronous Set/Reset | Total Registers | Total Slices |
+--------------+-----------------------+------------------------+-----------------+--------------+
| No           | No                    | No                     |              38 |            8 |
| No           | No                    | Yes                    |               0 |            0 |
| No           | Yes                   | No                     |              62 |            8 |
| Yes          | No                    | No                     |               0 |            0 |
| Yes          | No                    | Yes                    |               0 |            0 |
| Yes          | Yes                   | No                     |              24 |            5 |
+--------------+-----------------------+------------------------+-----------------+--------------+


4. Detailed Control Set Information
-----------------------------------

+---------------------------------------+-----------------------------+------------------------------+------------------+----------------+
|              Clock Signal             |        Enable Signal        |       Set/Reset Signal       | Slice Load Count | Bel Load Count |
+---------------------------------------+-----------------------------+------------------------------+------------------+----------------+
|  Instruction_Decoder_0/LoadSel_reg/G0 |                             |                              |                1 |              2 |
|  P_Counter_0/D_FF_2/E[0]              |                             |                              |                1 |              6 |
|  P_Counter_0/D_FF_1/Q_reg[0][0]       |                             |                              |                1 |              6 |
|  P_Counter_0/D_FF_2/Q_reg[2][0]       |                             |                              |                1 |              6 |
|  Register_Bank_0/Reg_7/Q_reg          |                             |                              |                1 |              6 |
|  Slow_Clk_0/CLK                       |                             |                              |                1 |              6 |
|  Clk_IBUF_BUFG                        |                             |                              |                2 |              6 |
|  Slow_Clk_0/CLK                       | P_Counter_0/D_FF_1/dec_y[1] | Reset_IBUF                   |                3 |              8 |
|  Slow_Clk_0/CLK                       | P_Counter_0/D_FF_1/dec_y[2] | Reset_IBUF                   |                1 |              8 |
|  Slow_Clk_0/CLK                       | P_Counter_0/D_FF_1/dec_y[0] | Reset_IBUF                   |                1 |              8 |
|  Clk_IBUF_BUFG                        |                             | Slow_Clk_0/count[31]_i_1_n_0 |                8 |             62 |
+---------------------------------------+-----------------------------+------------------------------+------------------+----------------+


