#-----------------------------------------------------------
# Vivado v2018.1 (64-bit)
# SW Build 2188600 on Wed Apr  4 18:40:38 MDT 2018
# IP Build 2185939 on Wed Apr  4 20:55:05 MDT 2018
# Start of session at: Mon May 19 11:50:37 2025
# Process ID: 29808
# Current directory: C:/Users/USER/Desktop/Nano Processor/nanoprocessor
# Command line: vivado.exe -gui_launcher_event rodinguilauncherevent5476 C:\Users\USER\Desktop\Nano Processor\nanoprocessor\nanoprocessor.xpr
# Log file: C:/Users/USER/Desktop/Nano Processor/nanoprocessor/vivado.log
# Journal file: C:/Users/USER/Desktop/Nano Processor/nanoprocessor\vivado.jou
#-----------------------------------------------------------
start_gui
open_project {C:/Users/USER/Desktop/Nano Processor/nanoprocessor/nanoprocessor.xpr}
Scanning sources...
Finished scanning sources
INFO: [IP_Flow 19-234] Refreshing IP repositories
INFO: [IP_Flow 19-1704] No user IP repositories specified
INFO: [IP_Flow 19-2313] Loaded Vivado IP repository 'D:/VIVADO/Vivado/2018.1/data/ip'.
update_compile_order -fileset sources_1
exit
INFO: [Common 17-206] Exiting Vivado at Mon May 19 11:52:07 2025...
_compile_order -fileset sources_1
ERROR: [Vivado 12-106] *** Exception: java.lang.IllegalArgumentException: setSelectedIndex: 0 out of bounds (See C:/Users/USER/Desktop/Nano Processor/nanoprocessor/vivado_pid4820.debug)
export_ip_user_files -of_objects  [get_files {{C:/Users/USER/Desktop/Nano Processor/nanoprocessor/nanoprocessor.srcs/sources_1/new/AddSub_4bit.vhd}}] -no_script -reset -force -quiet
remove_files  {{C:/Users/USER/Desktop/Nano Processor/nanoprocessor/nanoprocessor.srcs/sources_1/new/AddSub_4bit.vhd}}
close [ open {C:/Users/USER/Desktop/Nano Processor/nanoprocessor/nanoprocessor.srcs/sources_1/new/AddSub4bit.vhd} w ]
add_files {{C:/Users/USER/Desktop/Nano Processor/nanoprocessor/nanoprocessor.srcs/sources_1/new/AddSub4bit.vhd}}
update_compile_order -fileset sources_1
update_compile_order -fileset sources_1
reset_run synth_1
WARNING: [Vivado 12-1017] Problems encountered:
1. Failed to delete one or more files in run directory C:/Users/USER/Desktop/Nano Processor/nanoprocessor/nanoprocessor.runs/synth_1

launch_runs synth_1 -jobs 8
[Mon May 19 11:58:33 2025] Launched synth_1...
Run output will be captured here: C:/Users/USER/Desktop/Nano Processor/nanoprocessor/nanoprocessor.runs/synth_1/runme.log
update_compile_order -fileset sources_1
update_compile_order -fileset sources_1
reset_run synth_1
WARNING: [Vivado 12-1017] Problems encountered:
1. Failed to delete one or more files in run directory C:/Users/USER/Desktop/Nano Processor/nanoprocessor/nanoprocessor.runs/synth_1

launch_runs synth_1 -jobs 8
[Mon May 19 12:03:03 2025] Launched synth_1...
Run output will be captured here: C:/Users/USER/Desktop/Nano Processor/nanoprocessor/nanoprocessor.runs/synth_1/runme.log
reset_run synth_1
WARNING: [Vivado 12-1017] Problems encountered:
1. Failed to delete one or more files in run directory C:/Users/USER/Desktop/Nano Processor/nanoprocessor/nanoprocessor.runs/synth_1

launch_runs synth_1 -jobs 8
[Mon May 19 12:04:27 2025] Launched synth_1...
Run output will be captured here: C:/Users/USER/Desktop/Nano Processor/nanoprocessor/nanoprocessor.runs/synth_1/runme.log
reset_run synth_1
WARNING: [Vivado 12-1017] Problems encountered:
1. Failed to delete one or more files in run directory C:/Users/USER/Desktop/Nano Processor/nanoprocessor/nanoprocessor.runs/synth_1

launch_runs synth_1 -jobs 8
[Mon May 19 12:08:55 2025] Launched synth_1...
Run output will be captured here: C:/Users/USER/Desktop/Nano Processor/nanoprocessor/nanoprocessor.runs/synth_1/runme.log
launch_runs impl_1 -jobs 8
[Mon May 19 12:09:58 2025] Launched impl_1...
Run output will be captured here: C:/Users/USER/Desktop/Nano Processor/nanoprocessor/nanoprocessor.runs/impl_1/runme.log
reset_run synth_1
WARNING: [Vivado 12-1017] Problems encountered:
1. Failed to delete one or more files in run directory C:/Users/USER/Desktop/Nano Processor/nanoprocessor/nanoprocessor.runs/synth_1

launch_runs synth_1 -jobs 8
[Mon May 19 12:12:40 2025] Launched synth_1...
Run output will be captured here: C:/Users/USER/Desktop/Nano Processor/nanoprocessor/nanoprocessor.runs/synth_1/runme.log
launch_runs impl_1 -jobs 8
[Mon May 19 12:13:37 2025] Launched impl_1...
Run output will be captured here: C:/Users/USER/Desktop/Nano Processor/nanoprocessor/nanoprocessor.runs/impl_1/runme.log
launch_runs impl_1 -to_step write_bitstream -jobs 8
[Mon May 19 12:14:30 2025] Launched impl_1...
Run output will be captured here: C:/Users/USER/Desktop/Nano Processor/nanoprocessor/nanoprocessor.runs/impl_1/runme.log
open_run impl_1
INFO: [Netlist 29-17] Analyzing 11 Unisim elements for replacement
INFO: [Netlist 29-28] Unisim Transformation completed in 0 CPU seconds
INFO: [Project 1-479] Netlist was created with Vivado 2018.1
INFO: [Device 21-403] Loading part xc7a35tcpg236-1
INFO: [Project 1-570] Preparing netlist for logic optimization
INFO: [Timing 38-478] Restoring timing data from binary archive.
INFO: [Timing 38-479] Binary timing data restore complete.
INFO: [Project 1-856] Restoring constraints from binary archive.
INFO: [Project 1-853] Binary constraint restore complete.
Reading XDEF placement.
Reading placer database...
Reading XDEF routing.
Read XDEF File: Time (s): cpu = 00:00:00 ; elapsed = 00:00:00.026 . Memory (MB): peak = 1817.840 ; gain = 0.000
Restored from archive | CPU: 0.000000 secs | Memory: 0.000000 MB |
Finished XDEF File Restore: Time (s): cpu = 00:00:00 ; elapsed = 00:00:00.027 . Memory (MB): peak = 1817.840 ; gain = 0.000
INFO: [Project 1-111] Unisim Transformation Summary:
  A total of 1 instances were transformed.
  LDCP => LDCP (GND, LUT3, LUT3, LDCE, VCC): 1 instances

open_run: Time (s): cpu = 00:00:19 ; elapsed = 00:00:17 . Memory (MB): peak = 1918.336 ; gain = 929.016
open_hw
connect_hw_server
INFO: [Labtools 27-2285] Connecting to hw_server url TCP:localhost:3121
open_hw_target
INFO: [Labtoolstcl 44-466] Opening hw_target localhost:3121/xilinx_tcf/Digilent/210183A8A8CFA
set_property PROGRAM.FILE {C:/Users/USER/Desktop/Nano Processor/nanoprocessor/nanoprocessor.runs/impl_1/Nanoprocessor.bit} [get_hw_devices xc7a35t_0]
current_hw_device [get_hw_devices xc7a35t_0]
refresh_hw_device -update_hw_probes false [lindex [get_hw_devices xc7a35t_0] 0]
INFO: [Labtools 27-1435] Device xc7a35t (JTAG device index = 0) is not programmed (DONE status = 0).
set_property PROBES.FILE {} [get_hw_devices xc7a35t_0]
set_property FULL_PROBES.FILE {} [get_hw_devices xc7a35t_0]
set_property PROGRAM.FILE {C:/Users/USER/Desktop/Nano Processor/nanoprocessor/nanoprocessor.runs/impl_1/Nanoprocessor.bit} [get_hw_devices xc7a35t_0]
program_hw_devices [get_hw_devices xc7a35t_0]
INFO: [Labtools 27-3164] End of startup status: HIGH
refresh_hw_device [lindex [get_hw_devices xc7a35t_0] 0]
INFO: [Labtools 27-1434] Device xc7a35t (JTAG device index = 0) is programmed with a design that has no supported debug core(s) in it.
WARNING: [Labtools 27-3361] The debug hub core was not detected.
Resolution: 
1. Make sure the clock connected to the debug hub (dbg_hub) core is a free running clock and is active.
2. Make sure the BSCAN_SWITCH_USER_MASK device property in Vivado Hardware Manager reflects the user scan chain setting in the design and refresh the device.  To determine the user scan chain setting in the design, open the implemented design and use 'get_property C_USER_SCAN_CHAIN [get_debug_cores dbg_hub]'.
For more details on setting the scan chain property, consult the Vivado Debug and Programming User Guide (UG908).
reset_run synth_1
WARNING: [Vivado 12-1017] Problems encountered:
1. Failed to delete one or more files in run directory C:/Users/USER/Desktop/Nano Processor/nanoprocessor/nanoprocessor.runs/synth_1

launch_runs synth_1 -jobs 8
[Mon May 19 12:16:31 2025] Launched synth_1...
Run output will be captured here: C:/Users/USER/Desktop/Nano Processor/nanoprocessor/nanoprocessor.runs/synth_1/runme.log
launch_runs impl_1 -jobs 8
[Mon May 19 12:17:09 2025] Launched impl_1...
Run output will be captured here: C:/Users/USER/Desktop/Nano Processor/nanoprocessor/nanoprocessor.runs/impl_1/runme.log
launch_runs impl_1 -to_step write_bitstream -jobs 8
[Mon May 19 12:18:08 2025] Launched impl_1...
Run output will be captured here: C:/Users/USER/Desktop/Nano Processor/nanoprocessor/nanoprocessor.runs/impl_1/runme.log
