#-----------------------------------------------------------
# Vivado v2018.1 (64-bit)
# SW Build 2188600 on Wed Apr  4 18:40:38 MDT 2018
# IP Build 2185939 on Wed Apr  4 20:55:05 MDT 2018
# Start of session at: Sat May 17 22:16:43 2025
# Process ID: 6820
# Current directory: C:/Users/USER/Desktop/New folder/Nanoprocessor-main/Nanoprocessor-main/nanoprocessor
# Command line: vivado.exe -gui_launcher_event rodinguilauncherevent11384 C:\Users\USER\Desktop\New folder\Nanoprocessor-main\Nanoprocessor-main\nanoprocessor\nanoprocessor.xpr
# Log file: C:/Users/USER/Desktop/New folder/Nanoprocessor-main/Nanoprocessor-main/nanoprocessor/vivado.log
# Journal file: C:/Users/USER/Desktop/New folder/Nanoprocessor-main/Nanoprocessor-main/nanoprocessor\vivado.jou
#-----------------------------------------------------------
start_gui
open_project {C:/Users/USER/Desktop/New folder/Nanoprocessor-main/Nanoprocessor-main/nanoprocessor/nanoprocessor.xpr}
INFO: [ProjectBase 1-489] The host OS only allows 260 characters in a normal path. The project is stored in a path with more than 80 characters. If you experience issues with IP, Block Designs, or files not being found, please consider moving the project to a location with a shorter path. Alternately consider using the OS subst command to map part of the path to a drive letter.
Current project path is 'C:/Users/USER/Desktop/New folder/Nanoprocessor-main/Nanoprocessor-main/nanoprocessor'
Scanning sources...
Finished scanning sources
INFO: [IP_Flow 19-234] Refreshing IP repositories
INFO: [IP_Flow 19-1704] No user IP repositories specified
INFO: [IP_Flow 19-2313] Loaded Vivado IP repository 'D:/VIVADO/Vivado/2018.1/data/ip'.
open_project: Time (s): cpu = 00:00:11 ; elapsed = 00:00:08 . Memory (MB): peak = 938.816 ; gain = 177.383
update_compile_order -fileset sources_1
exit
INFO: [Common 17-206] Exiting Vivado at Sat May 17 22:17:43 2025...
